reading data
Finished parsing table.
Table dimensions: (177,11)
**** Data has been transposed! ****
First 3 column labels are :denovo1125 ,denovo3013 ,denovo3982
First 3 row labels are :pmv2 ,pms1 ,pms2 

computing correlations
	Running iteration0
	Running iteration1
	Running iteration2
	Running iteration3
	Running iteration4
	Running iteration5
	Running iteration6
	Running iteration7
	Running iteration8
	Running iteration9
(11, 11)
writing results
wrote sparcc_corr.txt
wrote cov_mat_SparCC.out
Done!
